<?xml version="1.0" encoding="UTF-8"?>
<!-- Generated by org.testng.reporters.JUnitReportReporter -->
<testsuite hostname="LAPTOP-8UM4U94B" failures="0" tests="1" name="Locatorexample.Locatorstest" time="303.671" errors="0" timestamp="2020-05-03T18:50:23 IST" skipped="0">
  <testcase classname="Locatorexample.Locatorstest" name="LDtest" time="303.671"/>
</testsuite> <!-- Locatorexample.Locatorstest -->
